I0515 18:32:21.840641   14695 start.go:68] Version: v4.18.0-202504171402.p0.gc3b71f5.assembly.stream.el9-dirty (c3b71f5aab700255ea33850a4e055449e8019261)
I0515 18:32:21.840733   14695 update.go:2687] Running: mount --rbind /run/secrets /rootfs/run/secrets
I0515 18:32:21.844131   14695 update.go:2687] Running: mount --rbind /usr/bin /rootfs/run/machine-config-daemon-bin
I0515 18:32:21.846947   14695 daemon.go:521] using appropriate binary for source=rhel-9 target=rhel-9
I0515 18:32:21.934699   14695 daemon.go:574] Invoking re-exec /run/bin/machine-config-daemon
I0515 18:32:21.993767   14695 start.go:68] Version: v4.18.0-202504171402.p0.gc3b71f5.assembly.stream.el9-dirty (c3b71f5aab700255ea33850a4e055449e8019261)
I0515 18:32:21.994295   14695 image_manager_helper.go:194] Linking rpm-ostree authfile to /etc/mco/internal-registry-pull-secret.json
I0515 18:32:22.213951   14695 daemon.go:323] Booted osImageURL: quay.io/openshift-release-dev/ocp-v4.0-art-dev@sha256:bdaa82a5a1df84ee304cbf842c80278e2286fede509664c5f0cf9c93c0992658 (418.94.202504170303-0) abfa01c7cc36c27db8e3f85350fcd16a568440c58000c2e8718999e9621739fc
I0515 18:32:22.215462   14695 start.go:134] overriding kubernetes api to https://api-int.agent.lab.bewley.net:6443
I0515 18:32:22.217132   14695 metrics.go:92] Registering Prometheus metrics
I0515 18:32:22.217272   14695 metrics.go:99] Starting metrics listener on 127.0.0.1:8797
I0515 18:32:22.259617   14695 simple_featuregate_reader.go:171] Starting feature-gate-detector
I0515 18:32:22.262550   14695 writer.go:88] NodeWriter initialized with credentials from /var/lib/kubelet/kubeconfig
I0515 18:32:22.296012   14695 start.go:214] FeatureGates initialized: knownFeatureGates=[AWSClusterHostedDNS AWSEFSDriverVolumeMetrics AdditionalRoutingCapabilities AdminNetworkPolicy AlibabaPlatform AutomatedEtcdBackup AzureWorkloadIdentity BareMetalLoadBalancer BootcNodeManagement BuildCSIVolumes CSIDriverSharedResource ChunkSizeMiB CloudDualStackNodeIPs ClusterMonitoringConfig ConsolePluginContentSecurityPolicy DNSNameResolver DisableKubeletCloudCredentialProviders DynamicResourceAllocation EtcdBackendQuota Example ExternalOIDC GCPClusterHostedDNS GCPLabelsTags HardwareSpeed ImageStreamImportMode IngressControllerDynamicConfigurationManager IngressControllerLBSubnetsAWS InsightsConfig InsightsConfigAPI InsightsOnDemandDataGather InsightsRuntimeExtractor KMSv1 MachineAPIProviderOpenStack MachineConfigNodes ManagedBootImages ManagedBootImagesAWS MaxUnavailableStatefulSet MetricsCollectionProfiles MinimumKubeletVersion MixedCPUsAllocation MultiArchInstallAWS MultiArchInstallGCP NetworkDiagnosticsConfig NetworkLiveMigration NetworkSegmentation NewOLM NodeDisruptionPolicy NodeSwap NutanixMultiSubnets OVNObservability OnClusterBuild OpenShiftPodSecurityAdmission PersistentIPsForVirtualization PinnedImages PlatformOperators PrivateHostedZoneAWS ProcMountType RouteAdvertisements RouteExternalCertificate ServiceAccountTokenNodeBinding SetEIPForNLBIngressController SignatureStores SigstoreImageVerification TranslateStreamCloseWebsocketRequests UpgradeStatus UserNamespacesPodSecurityStandards UserNamespacesSupport VSphereControlPlaneMachineSet VSphereDriverConfiguration VSphereMultiNetworks VSphereMultiVCenters VSphereStaticIPs ValidatingAdmissionPolicy VolumeAttributesClass VolumeGroupSnapshot ClusterAPIInstall ClusterAPIInstallIBMCloud EventedPLEG GatewayAPI MachineAPIMigration MachineAPIOperatorDisableMachineHealthCheckController MultiArchInstallAzure]
I0515 18:32:22.296098   14695 start.go:216] Feature enabled: PinnedImages
I0515 18:32:22.296166   14695 event.go:377] Event(v1.ObjectReference{Kind:"Job", Namespace:"openshift-machine-config-operator", Name:"build-worker-automount-ac258f40fc636fe53467420d7b557880", UID:"9a44adfb-e36f-4a08-9dfe-6c8aced00ef3", APIVersion:"batch/v1", ResourceVersion:"", FieldPath:""}): type: 'Normal' reason: 'FeatureGatesInitialized' FeatureGates updated to featuregates.Features{Enabled:[]v1.FeatureGateName{"AWSClusterHostedDNS", "AWSEFSDriverVolumeMetrics", "AdditionalRoutingCapabilities", "AdminNetworkPolicy", "AlibabaPlatform", "AutomatedEtcdBackup", "AzureWorkloadIdentity", "BareMetalLoadBalancer", "BootcNodeManagement", "BuildCSIVolumes", "CSIDriverSharedResource", "ChunkSizeMiB", "CloudDualStackNodeIPs", "ClusterMonitoringConfig", "ConsolePluginContentSecurityPolicy", "DNSNameResolver", "DisableKubeletCloudCredentialProviders", "DynamicResourceAllocation", "EtcdBackendQuota", "Example", "ExternalOIDC", "GCPClusterHostedDNS", "GCPLabelsTags", "HardwareSpeed", "ImageStreamImportMode", "IngressControllerDynamicConfigurationManager", "IngressControllerLBSubnetsAWS", "InsightsConfig", "InsightsConfigAPI", "InsightsOnDemandDataGather", "InsightsRuntimeExtractor", "KMSv1", "MachineAPIProviderOpenStack", "MachineConfigNodes", "ManagedBootImages", "ManagedBootImagesAWS", "MaxUnavailableStatefulSet", "MetricsCollectionProfiles", "MinimumKubeletVersion", "MixedCPUsAllocation", "MultiArchInstallAWS", "MultiArchInstallGCP", "NetworkDiagnosticsConfig", "NetworkLiveMigration", "NetworkSegmentation", "NewOLM", "NodeDisruptionPolicy", "NodeSwap", "NutanixMultiSubnets", "OVNObservability", "OnClusterBuild", "OpenShiftPodSecurityAdmission", "PersistentIPsForVirtualization", "PinnedImages", "PlatformOperators", "PrivateHostedZoneAWS", "ProcMountType", "RouteAdvertisements", "RouteExternalCertificate", "ServiceAccountTokenNodeBinding", "SetEIPForNLBIngressController", "SignatureStores", "SigstoreImageVerification", "TranslateStreamCloseWebsocketRequests", "UpgradeStatus", "UserNamespacesPodSecurityStandards", "UserNamespacesSupport", "VSphereControlPlaneMachineSet", "VSphereDriverConfiguration", "VSphereMultiNetworks", "VSphereMultiVCenters", "VSphereStaticIPs", "ValidatingAdmissionPolicy", "VolumeAttributesClass", "VolumeGroupSnapshot"}, Disabled:[]v1.FeatureGateName{"ClusterAPIInstall", "ClusterAPIInstallIBMCloud", "EventedPLEG", "GatewayAPI", "MachineAPIMigration", "MachineAPIOperatorDisableMachineHealthCheckController", "MultiArchInstallAzure"}}
I0515 18:32:22.296501   14695 update.go:2732] "Starting to manage node: worker-5"
I0515 18:32:22.302732   14695 image_manager_helper.go:92] Running captured: rpm-ostree status
I0515 18:32:22.376815   14695 daemon.go:1765] State: idle
Deployments:
* ostree-unverified-registry:quay.io/openshift-release-dev/ocp-v4.0-art-dev@sha256:bdaa82a5a1df84ee304cbf842c80278e2286fede509664c5f0cf9c93c0992658
                   Digest: sha256:bdaa82a5a1df84ee304cbf842c80278e2286fede509664c5f0cf9c93c0992658
                  Version: 418.94.202504170303-0 (2025-04-17T03:07:37Z)
I0515 18:32:22.377265   14695 coreos.go:53] CoreOS aleph version: mtime=2022-08-01 23:42:11 +0000 UTC
{
   "container-image": {
      "image-digest": "sha256:c7e945a2e2b814da0644ad2de6a60f75dfa52d99758ae790cf187cd6c6e0edaf",
      "image-labels": {
         "containers.bootc": "1",
         "coreos-assembler.image-config-checksum": "b444a32e2801642f1e41777fd51fa53304496c58a3a6b15e5964a1f86f866507",
         "coreos-assembler.image-input-checksum": "de41e4f1587da1739eeeaee509a2a95e85a2477bab8b8355d4e030e30615ded5",
         "io.openshift.build.version-display-names": "machine-os=Red Hat Enterprise Linux CoreOS",
         "io.openshift.build.versions": "machine-os=418.94.202501221327-0",
         "org.opencontainers.image.revision": "ecc5a098f3be898f87a8e6cc7ed0cc6ab801ef61",
         "org.opencontainers.image.source": "https://github.com/openshift/os",
         "org.opencontainers.image.version": "418.94.202501221327-0",
         "ostree.bootable": "true",
         "ostree.commit": "f46cea5345b92dd953da533d59ef632b1951598bdf0cd4fa9319a7bdb4152aad",
         "ostree.final-diffid": "sha256:12787d84fa137cd5649a9005efe98ec9d05ea46245fdc50aecb7dd007f2035b1",
         "ostree.linux": "5.14.0-427.50.1.el9_4.x86_64",
         "rpmostree.inputhash": "535e6550a3417418124d18f17b200d879c00b27775e54a85fced092871cc7b4a"
      },
      "image-name": "oci-archive:/rhcos-418.94.202501221327-0-ostree.x86_64.ociarchive"
   },
   "osbuild-version": "133",
   "ostree-commit": "f46cea5345b92dd953da533d59ef632b1951598bdf0cd4fa9319a7bdb4152aad",
   "ref": "docker://ostree-image-signed:oci-archive:/rhcos-418.94.202501221327-0-ostree.x86_64.ociarchive",
   "version": "418.94.202501221327-0"
}
I0515 18:32:22.377429   14695 coreos.go:70] Ignition provisioning: time=2025-05-15T18:18:50Z
I0515 18:32:22.377453   14695 image_manager_helper.go:92] Running captured: journalctl --list-boots
I0515 18:32:22.389789   14695 daemon.go:1774] journalctl --list-boots:
IDX BOOT ID                          FIRST ENTRY                 LAST ENTRY
 -1 243adce9055f4ef290a96f3945bfd430 Thu 2025-05-15 18:18:39 UTC Thu 2025-05-15 18:21:19 UTC
  0 1db6c70622ea487d95f3cf64a60e8769 Thu 2025-05-15 18:21:29 UTC Thu 2025-05-15 18:32:22 UTC
I0515 18:32:22.389839   14695 image_manager_helper.go:92] Running captured: systemctl list-units --state=failed --no-legend
I0515 18:32:22.398378   14695 pinned_image_set.go:809] Starting PinnedImageSet Manager
I0515 18:32:22.415155   14695 daemon.go:1790] systemd service state: OK
I0515 18:32:22.415202   14695 daemon.go:1362] Starting MachineConfigDaemon
I0515 18:32:22.415338   14695 daemon.go:1369] Enabling Kubelet Healthz Monitor
I0515 18:32:22.681835   14695 daemon.go:2881] Found 0 requested local packages in the booted deployment
I0515 18:32:23.320468   14695 daemon.go:661] Node worker-5 is not labeled node-role.kubernetes.io/master
I0515 18:32:23.326074   14695 daemon.go:1939] Running: /run/machine-config-daemon-bin/nmstatectl persist-nic-names --root / --kargs-out /tmp/nmstate-kargs192080478 --cleanup
[2025-05-15T18:32:23Z INFO  nmstatectl] Nmstate version: 2.2.40

[2025-05-15T18:32:23Z INFO  nmstatectl::persist_nic] /etc/systemd/network does not exist, no need to clean up
I0515 18:32:23.335738   14695 daemon.go:1601] Previous boot ostree-finalize-staged.service appears successful
I0515 18:32:23.335768   14695 daemon.go:1718] Current+desired config: rendered-worker-8ecca25a0517779ecf6829f69f66501a
I0515 18:32:23.335784   14695 daemon.go:1733] state: Done
I0515 18:32:23.335807   14695 update.go:2687] Running: rpm-ostree cleanup -r
Deployments unchanged.
I0515 18:32:23.515472   14695 daemon.go:2137] Validating against current config rendered-worker-8ecca25a0517779ecf6829f69f66501a
I0515 18:32:23.515946   14695 daemon.go:2049] SSH key location ("/home/core/.ssh/authorized_keys.d/ignition") up-to-date!
I0515 18:32:24.510773   14695 image_manager_helper.go:92] Running captured: rpm-ostree kargs
I0515 18:32:24.659039   14695 update.go:2732] "Validated on-disk state"
I0515 18:32:24.753327   14695 daemon.go:2239] Completing update to target MachineConfig: rendered-worker-8ecca25a0517779ecf6829f69f66501a
I0515 18:32:34.803591   14695 update.go:2732] "Update completed for config rendered-worker-8ecca25a0517779ecf6829f69f66501a and node has been successfully uncordoned"
I0515 18:32:34.807711   14695 daemon.go:2264] In desired state MachineConfig: rendered-worker-8ecca25a0517779ecf6829f69f66501a
I0515 18:32:34.907197   14695 config_drift_monitor.go:246] Config Drift Monitor started
I0515 18:32:53.036669   14695 daemon.go:743] Transitioned from state:  -> Done
I0515 18:33:22.683131   14695 certificate_writer.go:303] Certificate was synced from controllerconfig resourceVersion 11371814
I0515 18:33:53.059597   14695 daemon.go:876] Starting health listener on 127.0.0.1:8798
I0515 18:53:47.347112   14695 image_manager_helper.go:92] Running captured: rpm-ostree kargs
I0515 18:53:47.646191   14695 daemon.go:939] Preflight config drift check successful (took 1.22018987s)
I0515 18:53:47.653459   14695 config_drift_monitor.go:255] Config Drift Monitor has shut down
I0515 18:53:47.653535   14695 daemon.go:2479] Performing layered OS update
I0515 18:53:47.705207   14695 update.go:2754] Adding SIGTERM protection
I0515 18:53:47.785991   14695 update.go:849] Checking Reconcilable for config rendered-worker-8ecca25a0517779ecf6829f69f66501a to rendered-worker-automount-6312015e2cef0f99c445d816e90af80b
I0515 18:53:47.970125   14695 update.go:2732] "Update prepared; requesting cordon and drain via annotation to controller"
I0515 18:53:58.066332   14695 update.go:2732] "drain complete"
I0515 18:53:58.069700   14695 drain.go:115] Successful drain took 10.09427857 seconds
I0515 18:53:58.069729   14695 image_manager_helper.go:92] Running captured: rpm-ostree --version
I0515 18:53:58.104484   14695 image_manager_helper.go:92] Running captured: podman images -q --filter reference=image-registry.openshift-image-registry.svc:5000/openshift/os-image@sha256:0b9ca241da2f41c03d2106c24ce9dee2370329771d7883508ddfc1d4712fc310
I0515 18:53:58.178445   14695 image_manager_helper.go:194] Linking rpm-ostree authfile to /etc/mco/internal-registry-pull-secret.json
I0515 18:53:58.178635   14695 rpm-ostree.go:183] Executing rebase to image-registry.openshift-image-registry.svc:5000/openshift/os-image@sha256:0b9ca241da2f41c03d2106c24ce9dee2370329771d7883508ddfc1d4712fc310
I0515 18:53:58.178650   14695 update.go:2687] Running: rpm-ostree rebase --experimental ostree-unverified-registry:image-registry.openshift-image-registry.svc:5000/openshift/os-image@sha256:0b9ca241da2f41c03d2106c24ce9dee2370329771d7883508ddfc1d4712fc310
Pulling manifest: ostree-unverified-registry:image-registry.openshift-image-registry.svc:5000/openshift/os-image@sha256:0b9ca241da2f41c03d2106c24ce9dee2370329771d7883508ddfc1d4712fc310
Importing: ostree-unverified-registry:image-registry.openshift-image-registry.svc:5000/openshift/os-image@sha256:0b9ca241da2f41c03d2106c24ce9dee2370329771d7883508ddfc1d4712fc310 (digest: sha256:0b9ca241da2f41c03d2106c24ce9dee2370329771d7883508ddfc1d4712fc310)
ostree chunk layers needed: 51 (1.3?GB)
custom layers needed: 2 (32.2?MB)
Staging deployment...done
Upgraded:
  libipa_hbac 2.9.4-6.el9_4.3 -> 2.9.6-4.el9_6.2
  libldb 2.8.0-2.el9_4 -> 4.21.3-3.el9
  libsmbclient 4.19.4-105.el9_4.1 -> 4.21.3-3.el9
  libsss_certmap 2.9.4-6.el9_4.3 -> 2.9.6-4.el9_6.2
  libsss_idmap 2.9.4-6.el9_4.3 -> 2.9.6-4.el9_6.2
  libsss_nss_idmap 2.9.4-6.el9_4.3 -> 2.9.6-4.el9_6.2
  libsss_sudo 2.9.4-6.el9_4.3 -> 2.9.6-4.el9_6.2
  libtalloc 2.4.1-1.el9 -> 2.4.2-1.el9
  libtdb 1.4.9-1.el9 -> 1.4.12-1.el9
  libtevent 0.16.0-1.el9 -> 0.16.1-1.el9
  libwbclient 4.19.4-105.el9_4.1 -> 4.21.3-3.el9
  openldap 2.6.6-3.el9 -> 2.6.8-4.el9
  samba-client-libs 4.19.4-105.el9_4.1 -> 4.21.3-3.el9
  samba-common 4.19.4-105.el9_4.1 -> 4.21.3-3.el9
  samba-common-libs 4.19.4-105.el9_4.1 -> 4.21.3-3.el9
  sssd 2.9.4-6.el9_4.3 -> 2.9.6-4.el9_6.2
  sssd-ad 2.9.4-6.el9_4.3 -> 2.9.6-4.el9_6.2
  sssd-client 2.9.4-6.el9_4.3 -> 2.9.6-4.el9_6.2
  sssd-common 2.9.4-6.el9_4.3 -> 2.9.6-4.el9_6.2
  sssd-common-pac 2.9.4-6.el9_4.3 -> 2.9.6-4.el9_6.2
  sssd-ipa 2.9.4-6.el9_4.3 -> 2.9.6-4.el9_6.2
  sssd-krb5 2.9.4-6.el9_4.3 -> 2.9.6-4.el9_6.2
  sssd-krb5-common 2.9.4-6.el9_4.3 -> 2.9.6-4.el9_6.2
  sssd-ldap 2.9.4-6.el9_4.3 -> 2.9.6-4.el9_6.2
  sssd-nfs-idmap 2.9.4-6.el9_4.3 -> 2.9.6-4.el9_6.2
  sssd-proxy 2.9.4-6.el9_4.3 -> 2.9.6-4.el9_6.2
Added:
  autofs-1:5.1.7-60.el9.x86_64
  libsss_autofs-2.9.6-4.el9_6.2.x86_64
  openldap-clients-2.6.8-4.el9.x86_64
Changes queued for next boot. Run "systemctl reboot" to start a reboot
I0515 18:55:00.034592   14695 update.go:1865] Updating files
I0515 18:55:00.034648   14695 file_writers.go:234] Writing file "/var/lib/mco/nm-clean-initrd-state"
I0515 18:55:00.046333   14695 file_writers.go:234] Writing file "/usr/local/bin/nm-clean-initrd-state.sh"
I0515 18:55:00.056025   14695 file_writers.go:234] Writing file "/etc/NetworkManager/conf.d/01-ipv6.conf"
I0515 18:55:00.068503   14695 file_writers.go:234] Writing file "/etc/NetworkManager/conf.d/20-keyfiles.conf"
I0515 18:55:00.078087   14695 file_writers.go:234] Writing file "/etc/NetworkManager/conf.d/99-kni.conf"
I0515 18:55:00.086893   14695 file_writers.go:234] Writing file "/etc/NetworkManager/dispatcher.d/30-resolv-prepender"
I0515 18:55:00.096142   14695 file_writers.go:234] Writing file "/etc/NetworkManager/dispatcher.d/30-static-dhcp"
I0515 18:55:00.105138   14695 file_writers.go:234] Writing file "/etc/NetworkManager/dispatcher.d/30-static-dhcpv6"
I0515 18:55:00.113083   14695 file_writers.go:234] Writing file "/etc/pki/ca-trust/source/anchors/openshift-config-user-ca-bundle.crt"
I0515 18:55:00.121616   14695 file_writers.go:234] Writing file "/etc/kubernetes/apiserver-url.env"
I0515 18:55:00.129955   14695 file_writers.go:234] Writing file "/etc/audit/rules.d/mco-audit-quiet-containers.rules"
I0515 18:55:00.142268   14695 file_writers.go:234] Writing file "/etc/keepalived/monitor.conf"
I0515 18:55:00.157525   14695 file_writers.go:234] Writing file "/etc/NetworkManager/dispatcher.d/99-esp-offload"
I0515 18:55:00.170014   14695 file_writers.go:234] Writing file "/etc/tmpfiles.d/cleanup-cni.conf"
I0515 18:55:00.187281   14695 file_writers.go:234] Writing file "/usr/local/bin/configure-ip-forwarding.sh"
I0515 18:55:00.200614   14695 file_writers.go:234] Writing file "/usr/local/bin/configure-ovs.sh"
I0515 18:55:00.212961   14695 file_writers.go:234] Writing file "/etc/containers/storage.conf"
I0515 18:55:00.229123   14695 file_writers.go:234] Writing file "/etc/kubernetes/static-pod-resources/coredns/Corefile.tmpl"
I0515 18:55:00.239115   14695 file_writers.go:234] Writing file "/etc/kubernetes/manifests/coredns.yaml"
I0515 18:55:00.248811   14695 file_writers.go:234] Writing file "/etc/mco/proxy.env"
I0515 18:55:00.259726   14695 file_writers.go:234] Writing file "/etc/systemd/system.conf.d/10-default-env-godebug.conf"
I0515 18:55:00.272350   14695 file_writers.go:234] Writing file "/etc/NetworkManager/dispatcher.d/99-gcp-disable-idpf-tx-checksum-off"
I0515 18:55:00.284473   14695 file_writers.go:234] Writing file "/etc/modules-load.d/iptables.conf"
I0515 18:55:00.295994   14695 file_writers.go:234] Writing file "/etc/kubernetes/static-pod-resources/keepalived/keepalived.conf.tmpl"
I0515 18:55:00.309067   14695 file_writers.go:234] Writing file "/etc/kubernetes/static-pod-resources/keepalived/scripts/chk_default_ingress.sh.tmpl"
I0515 18:55:00.322765   14695 file_writers.go:234] Writing file "/etc/kubernetes/manifests/keepalived.yaml"
I0515 18:55:00.333512   14695 file_writers.go:234] Writing file "/etc/node-sizing-enabled.env"
I0515 18:55:00.346150   14695 file_writers.go:234] Writing file "/usr/local/sbin/dynamic-system-reserved-calc.sh"
I0515 18:55:00.357331   14695 file_writers.go:234] Writing file "/etc/systemd/system.conf.d/kubelet-cgroups.conf"
I0515 18:55:00.368341   14695 file_writers.go:234] Writing file "/etc/systemd/system/kubelet.service.d/20-logging.conf"
I0515 18:55:00.382976   14695 file_writers.go:234] Writing file "/etc/NetworkManager/conf.d/sdn.conf"
I0515 18:55:00.396691   14695 file_writers.go:234] Writing file "/usr/local/bin/nmstate-configuration.sh"
I0515 18:55:00.407636   14695 file_writers.go:234] Writing file "/etc/nmstate/nmstate.conf"
I0515 18:55:00.419351   14695 file_writers.go:234] Writing file "/etc/NetworkManager/dispatcher.d/pre-up.d/10-ofport-request.sh"
I0515 18:55:00.434242   14695 file_writers.go:234] Writing file "/etc/machine-config-daemon/generate_podman_policy_args.sh"
I0515 18:55:00.445905   14695 file_writers.go:234] Writing file "/var/lib/kubelet/config.json"
I0515 18:55:00.465743   14695 file_writers.go:234] Writing file "/usr/local/bin/resolv-prepender.sh"
I0515 18:55:00.478232   14695 file_writers.go:234] Writing file "/etc/sysctl.d/arp.conf"
I0515 18:55:00.492138   14695 file_writers.go:234] Writing file "/etc/sysctl.d/gc-thresh.conf"
I0515 18:55:00.511077   14695 file_writers.go:234] Writing file "/etc/sysctl.d/inotify.conf"
I0515 18:55:00.523278   14695 file_writers.go:234] Writing file "/etc/sysctl.d/enable-userfaultfd.conf"
I0515 18:55:00.534584   14695 file_writers.go:234] Writing file "/etc/sysctl.d/vm-max-map.conf"
I0515 18:55:00.546518   14695 file_writers.go:234] Writing file "/usr/local/bin/mco-hostname"
I0515 18:55:00.563205   14695 file_writers.go:234] Writing file "/etc/kubernetes/kubelet-plugins/volume/exec/.dummy"
I0515 18:55:00.577025   14695 file_writers.go:234] Writing file "/etc/NetworkManager/dispatcher.d/99-vsphere-disable-tx-udp-tnl"
I0515 18:55:00.588200   14695 file_writers.go:234] Writing file "/usr/local/bin/wait-for-br-ex-up.sh"
I0515 18:55:00.599096   14695 file_writers.go:234] Writing file "/usr/local/bin/ipsec-connect-wait.sh"
I0515 18:55:00.609281   14695 file_writers.go:234] Writing file "/usr/local/bin/wait-for-primary-ip.sh"
I0515 18:55:00.620760   14695 file_writers.go:234] Writing file "/etc/containers/registries.conf"
I0515 18:55:00.641678   14695 file_writers.go:234] Writing file "/etc/crio/crio.conf.d/00-default"
I0515 18:55:00.654169   14695 file_writers.go:234] Writing file "/etc/machine-config-daemon/policy-for-old-podman.json"
I0515 18:55:00.665848   14695 file_writers.go:234] Writing file "/etc/containers/policy.json"
I0515 18:55:00.685903   14695 file_writers.go:234] Writing file "/etc/kubernetes/cloud.conf"
I0515 18:55:00.698074   14695 file_writers.go:234] Writing file "/etc/kubernetes/crio-metrics-proxy.cfg"
I0515 18:55:00.709092   14695 file_writers.go:234] Writing file "/etc/kubernetes/manifests/criometricsproxy.yaml"
I0515 18:55:00.720569   14695 file_writers.go:234] Writing file "/etc/kubernetes/kubelet.conf"
I0515 18:55:00.732176   14695 file_writers.go:234] Writing file "/usr/local/bin/kubenswrapper"
I0515 18:55:00.744010   14695 file_writers.go:234] Writing file "/etc/chrony.conf"
I0515 18:55:00.763885   14695 file_writers.go:234] Writing file "/etc/containers/registries.d/sigstore-registries.yaml"
I0515 18:55:00.776862   14695 file_writers.go:234] Writing file "/etc/sssd/sssd.conf"
I0515 18:55:00.778954   14695 file_writers.go:294] Writing systemd unit "NetworkManager-clean-initrd-state.service"
I0515 18:55:00.794521   14695 file_writers.go:307] Disabling systemd unit NetworkManager-clean-initrd-state.service before re-writing it
I0515 18:55:01.824664   14695 file_writers.go:208] Writing systemd unit dropin "01-kubens.conf"
I0515 18:55:01.825456   14695 file_writers.go:194] Dropin for 10-mco-default-env.conf has no content, skipping write
I0515 18:55:01.825490   14695 file_writers.go:201] Removing "/etc/systemd/system/crio.service.d/10-mco-default-env.conf", updated file has zero length
I0515 18:55:01.825532   14695 file_writers.go:208] Writing systemd unit dropin "10-mco-profile-unix-socket.conf"
I0515 18:55:01.826371   14695 file_writers.go:208] Writing systemd unit dropin "05-mco-ordering.conf"
I0515 18:55:01.827242   14695 file_writers.go:208] Writing systemd unit dropin "10-mco-default-madv.conf"
I0515 18:55:02.982842   14695 update.go:2183] Preset systemd unit "crio.service"
I0515 18:55:02.982879   14695 file_writers.go:208] Writing systemd unit dropin "mco-disabled.conf"
I0515 18:55:02.997840   14695 update.go:2220] Could not reset unit preset for docker.socket, skipping. (Error msg: error running preset on unit: Failed to preset unit: Unit file docker.socket does not exist.
)
I0515 18:55:02.997879   14695 file_writers.go:294] Writing systemd unit "firstboot-osupdate.target"
I0515 18:55:03.007852   14695 file_writers.go:307] Disabling systemd unit firstboot-osupdate.target before re-writing it
I0515 18:55:03.931652   14695 file_writers.go:208] Writing systemd unit dropin "01-after-configure-ovs.conf"
I0515 18:55:03.946410   14695 update.go:2220] Could not reset unit preset for ipsec.service, skipping. (Error msg: error running preset on unit: Failed to preset unit: Unit file ipsec.service does not exist.
)
I0515 18:55:03.946457   14695 file_writers.go:294] Writing systemd unit "kubelet-auto-node-size.service"
I0515 18:55:03.961717   14695 file_writers.go:307] Disabling systemd unit kubelet-auto-node-size.service before re-writing it
I0515 18:55:04.971279   14695 file_writers.go:294] Writing systemd unit "kubelet-dependencies.target"
I0515 18:55:05.828763   14695 update.go:2183] Preset systemd unit "kubelet-dependencies.target"
I0515 18:55:05.828811   14695 file_writers.go:208] Writing systemd unit dropin "01-kubens.conf"
I0515 18:55:05.829929   14695 file_writers.go:194] Dropin for 10-mco-default-env.conf has no content, skipping write
I0515 18:55:05.829965   14695 file_writers.go:201] Removing "/etc/systemd/system/kubelet.service.d/10-mco-default-env.conf", updated file has zero length
I0515 18:55:05.830013   14695 file_writers.go:208] Writing systemd unit dropin "10-mco-on-prem-wait-resolv.conf"
I0515 18:55:05.830703   14695 file_writers.go:208] Writing systemd unit dropin "10-mco-default-madv.conf"
I0515 18:55:05.831474   14695 file_writers.go:294] Writing systemd unit "kubelet.service"
I0515 18:55:05.850125   14695 file_writers.go:307] Disabling systemd unit kubelet.service before re-writing it
I0515 18:55:06.932027   14695 file_writers.go:294] Writing systemd unit "kubens.service"
I0515 18:55:06.951556   14695 file_writers.go:294] Writing systemd unit "machine-config-daemon-firstboot.service"
I0515 18:55:06.968050   14695 file_writers.go:307] Disabling systemd unit machine-config-daemon-firstboot.service before re-writing it
I0515 18:55:07.981210   14695 file_writers.go:294] Writing systemd unit "machine-config-daemon-pull.service"
I0515 18:55:07.997620   14695 file_writers.go:307] Disabling systemd unit machine-config-daemon-pull.service before re-writing it
I0515 18:55:08.959663   14695 file_writers.go:294] Writing systemd unit "nmstate-configuration.service"
I0515 18:55:08.977253   14695 file_writers.go:307] Disabling systemd unit nmstate-configuration.service before re-writing it
I0515 18:55:09.895188   14695 file_writers.go:294] Writing systemd unit "node-valid-hostname.service"
I0515 18:55:09.915114   14695 file_writers.go:307] Disabling systemd unit node-valid-hostname.service before re-writing it
I0515 18:55:10.848823   14695 file_writers.go:294] Writing systemd unit "nodeip-configuration.service"
I0515 18:55:10.867506   14695 file_writers.go:307] Disabling systemd unit nodeip-configuration.service before re-writing it
I0515 18:55:11.846986   14695 file_writers.go:294] Writing systemd unit "on-prem-resolv-prepender.path"
I0515 18:55:11.857814   14695 file_writers.go:307] Disabling systemd unit on-prem-resolv-prepender.path before re-writing it
I0515 18:55:12.778990   14695 file_writers.go:294] Writing systemd unit "on-prem-resolv-prepender.service"
I0515 18:55:12.803231   14695 file_writers.go:294] Writing systemd unit "ovs-configuration.service"
I0515 18:55:12.821412   14695 file_writers.go:307] Disabling systemd unit ovs-configuration.service before re-writing it
I0515 18:55:13.799779   14695 file_writers.go:208] Writing systemd unit dropin "10-ovs-vswitchd-restart.conf"
I0515 18:55:14.802899   14695 update.go:2183] Preset systemd unit "ovs-vswitchd.service"
I0515 18:55:14.802933   14695 file_writers.go:208] Writing systemd unit dropin "10-ovsdb-restart.conf"
I0515 18:55:14.803660   14695 file_writers.go:194] Dropin for 10-mco-default-env.conf has no content, skipping write
I0515 18:55:14.803679   14695 file_writers.go:201] Removing "/etc/systemd/system/rpm-ostreed.service.d/10-mco-default-env.conf", updated file has zero length
I0515 18:55:15.682265   14695 update.go:2183] Preset systemd unit "rpm-ostreed.service"
I0515 18:55:15.682332   14695 file_writers.go:294] Writing systemd unit "wait-for-br-ex-up.service"
I0515 18:55:15.700852   14695 file_writers.go:307] Disabling systemd unit wait-for-br-ex-up.service before re-writing it
I0515 18:55:16.724725   14695 file_writers.go:294] Writing systemd unit "wait-for-ipsec-connect.service"
I0515 18:55:16.737695   14695 file_writers.go:307] Disabling systemd unit wait-for-ipsec-connect.service before re-writing it
I0515 18:55:17.682171   14695 file_writers.go:294] Writing systemd unit "wait-for-primary-ip.service"
I0515 18:55:17.695973   14695 file_writers.go:307] Disabling systemd unit wait-for-primary-ip.service before re-writing it
I0515 18:55:18.594357   14695 file_writers.go:208] Writing systemd unit dropin "mco-disabled.conf"
I0515 18:55:18.609418   14695 update.go:2220] Could not reset unit preset for zincati.service, skipping. (Error msg: error running preset on unit: Failed to preset unit: Unit file zincati.service does not exist.
)
I0515 18:55:18.609473   14695 file_writers.go:294] Writing systemd unit "kubelet-cleanup.service"
I0515 18:55:18.622205   14695 file_writers.go:307] Disabling systemd unit kubelet-cleanup.service before re-writing it
I0515 18:55:19.629001   14695 file_writers.go:294] Writing systemd unit "setsebool-nfs-home.service"
I0515 18:55:19.706341   14695 update.go:2763] Removing SIGTERM protection
E0515 18:55:19.706457   14695 writer.go:226] Marking Degraded due to: "error enabling units: Failed to enable unit: Unit file autofs.service does not exist.\n"
I0515 18:55:19.851591   14695 daemon.go:743] Transitioned from state: Done -> Working
I0515 18:55:20.815463   14695 image_manager_helper.go:92] Running captured: rpm-ostree kargs
I0515 18:55:20.924288   14695 daemon.go:939] Preflight config drift check successful (took 991.030409ms)
I0515 18:55:20.925734   14695 daemon.go:2479] Performing layered OS update
I0515 18:55:20.985175   14695 update.go:2754] Adding SIGTERM protection
I0515 18:55:21.052870   14695 update.go:849] Checking Reconcilable for config rendered-worker-8ecca25a0517779ecf6829f69f66501a to rendered-worker-automount-6312015e2cef0f99c445d816e90af80b
I0515 18:55:21.168720   14695 update.go:2732] "drain is already completed on this node"
I0515 18:55:21.172692   14695 image_manager_helper.go:92] Running captured: rpm-ostree --version
I0515 18:55:21.208251   14695 image_manager_helper.go:92] Running captured: podman images -q --filter reference=image-registry.openshift-image-registry.svc:5000/openshift/os-image@sha256:0b9ca241da2f41c03d2106c24ce9dee2370329771d7883508ddfc1d4712fc310
I0515 18:55:21.288942   14695 image_manager_helper.go:194] Linking rpm-ostree authfile to /etc/mco/internal-registry-pull-secret.json
I0515 18:55:21.289017   14695 rpm-ostree.go:183] Executing rebase to image-registry.openshift-image-registry.svc:5000/openshift/os-image@sha256:0b9ca241da2f41c03d2106c24ce9dee2370329771d7883508ddfc1d4712fc310
I0515 18:55:21.289656   14695 update.go:2687] Running: rpm-ostree rebase --experimental ostree-unverified-registry:image-registry.openshift-image-registry.svc:5000/openshift/os-image@sha256:0b9ca241da2f41c03d2106c24ce9dee2370329771d7883508ddfc1d4712fc310
I0515 18:55:21.360021   14695 update.go:2763] Removing SIGTERM protection
E0515 18:55:21.360097   14695 writer.go:226] Marking Degraded due to: "failed to update OS to image-registry.openshift-image-registry.svc:5000/openshift/os-image@sha256:0b9ca241da2f41c03d2106c24ce9dee2370329771d7883508ddfc1d4712fc310: error running rpm-ostree rebase --experimental ostree-unverified-registry:image-registry.openshift-image-registry.svc:5000/openshift/os-image@sha256:0b9ca241da2f41c03d2106c24ce9dee2370329771d7883508ddfc1d4712fc310: error: Old and new refs are equal: ostree-unverified-registry:image-registry.openshift-image-registry.svc:5000/openshift/os-image@sha256:0b9ca241da2f41c03d2106c24ce9dee2370329771d7883508ddfc1d4712fc310\n: exit status 1"
I0515 18:55:43.253669   14695 daemon.go:743] Transitioned from state: Working -> Degraded
I0515 18:55:43.253745   14695 daemon.go:746] Transitioned from degraded/unreconcilable reason  -> failed to update OS to image-registry.openshift-image-registry.svc:5000/openshift/os-image@sha256:0b9ca241da2f41c03d2106c24ce9dee2370329771d7883508ddfc1d4712fc310: error running rpm-ostree rebase --experimental ostree-unverified-registry:image-registry.openshift-image-registry.svc:5000/openshift/os-image@sha256:0b9ca241da2f41c03d2106c24ce9dee2370329771d7883508ddfc1d4712fc310: error: Old and new refs are equal: ostree-unverified-registry:image-registry.openshift-image-registry.svc:5000/openshift/os-image@sha256:0b9ca241da2f41c03d2106c24ce9dee2370329771d7883508ddfc1d4712fc310
: exit status 1
I0515 18:55:44.161681   14695 image_manager_helper.go:92] Running captured: rpm-ostree kargs
I0515 18:55:44.267707   14695 daemon.go:939] Preflight config drift check successful (took 988.99162ms)
I0515 18:55:44.269721   14695 daemon.go:2479] Performing layered OS update
I0515 18:55:44.269754   14695 update.go:2754] Adding SIGTERM protection
I0515 18:55:44.337341   14695 update.go:849] Checking Reconcilable for config rendered-worker-8ecca25a0517779ecf6829f69f66501a to rendered-worker-automount-6312015e2cef0f99c445d816e90af80b
I0515 18:55:44.460746   14695 update.go:2732] "drain is already completed on this node"
I0515 18:55:44.464528   14695 image_manager_helper.go:92] Running captured: rpm-ostree --version
I0515 18:55:44.500365   14695 image_manager_helper.go:92] Running captured: podman images -q --filter reference=image-registry.openshift-image-registry.svc:5000/openshift/os-image@sha256:0b9ca241da2f41c03d2106c24ce9dee2370329771d7883508ddfc1d4712fc310
I0515 18:55:44.581019   14695 image_manager_helper.go:194] Linking rpm-ostree authfile to /etc/mco/internal-registry-pull-secret.json
I0515 18:55:44.581209   14695 rpm-ostree.go:183] Executing rebase to image-registry.openshift-image-registry.svc:5000/openshift/os-image@sha256:0b9ca241da2f41c03d2106c24ce9dee2370329771d7883508ddfc1d4712fc310
I0515 18:55:44.581263   14695 update.go:2687] Running: rpm-ostree rebase --experimental ostree-unverified-registry:image-registry.openshift-image-registry.svc:5000/openshift/os-image@sha256:0b9ca241da2f41c03d2106c24ce9dee2370329771d7883508ddfc1d4712fc310
I0515 18:55:44.683950   14695 update.go:2763] Removing SIGTERM protection
E0515 18:55:44.684169   14695 writer.go:226] Marking Degraded due to: "failed to update OS to image-registry.openshift-image-registry.svc:5000/openshift/os-image@sha256:0b9ca241da2f41c03d2106c24ce9dee2370329771d7883508ddfc1d4712fc310: error running rpm-ostree rebase --experimental ostree-unverified-registry:image-registry.openshift-image-registry.svc:5000/openshift/os-image@sha256:0b9ca241da2f41c03d2106c24ce9dee2370329771d7883508ddfc1d4712fc310: error: Old and new refs are equal: ostree-unverified-registry:image-registry.openshift-image-registry.svc:5000/openshift/os-image@sha256:0b9ca241da2f41c03d2106c24ce9dee2370329771d7883508ddfc1d4712fc310\n: exit status 1"
I0515 18:56:45.631964   14695 image_manager_helper.go:92] Running captured: rpm-ostree kargs
I0515 18:56:45.724643   14695 daemon.go:939] Preflight config drift check successful (took 1.01028774s)
I0515 18:56:45.726333   14695 daemon.go:2479] Performing layered OS update
I0515 18:56:45.726360   14695 update.go:2754] Adding SIGTERM protection
I0515 18:56:45.774972   14695 update.go:849] Checking Reconcilable for config rendered-worker-8ecca25a0517779ecf6829f69f66501a to rendered-worker-automount-6312015e2cef0f99c445d816e90af80b
I0515 18:56:45.885730   14695 update.go:2732] "drain is already completed on this node"
I0515 18:56:45.888996   14695 image_manager_helper.go:92] Running captured: rpm-ostree --version
I0515 18:56:45.922695   14695 image_manager_helper.go:92] Running captured: podman images -q --filter reference=image-registry.openshift-image-registry.svc:5000/openshift/os-image@sha256:0b9ca241da2f41c03d2106c24ce9dee2370329771d7883508ddfc1d4712fc310
I0515 18:56:45.994681   14695 image_manager_helper.go:194] Linking rpm-ostree authfile to /etc/mco/internal-registry-pull-secret.json
I0515 18:56:45.994770   14695 rpm-ostree.go:183] Executing rebase to image-registry.openshift-image-registry.svc:5000/openshift/os-image@sha256:0b9ca241da2f41c03d2106c24ce9dee2370329771d7883508ddfc1d4712fc310
I0515 18:56:45.994787   14695 update.go:2687] Running: rpm-ostree rebase --experimental ostree-unverified-registry:image-registry.openshift-image-registry.svc:5000/openshift/os-image@sha256:0b9ca241da2f41c03d2106c24ce9dee2370329771d7883508ddfc1d4712fc310
I0515 18:56:46.084089   14695 update.go:2763] Removing SIGTERM protection
E0515 18:56:46.084164   14695 writer.go:226] Marking Degraded due to: "failed to update OS to image-registry.openshift-image-registry.svc:5000/openshift/os-image@sha256:0b9ca241da2f41c03d2106c24ce9dee2370329771d7883508ddfc1d4712fc310: error running rpm-ostree rebase --experimental ostree-unverified-registry:image-registry.openshift-image-registry.svc:5000/openshift/os-image@sha256:0b9ca241da2f41c03d2106c24ce9dee2370329771d7883508ddfc1d4712fc310: error: Old and new refs are equal: ostree-unverified-registry:image-registry.openshift-image-registry.svc:5000/openshift/os-image@sha256:0b9ca241da2f41c03d2106c24ce9dee2370329771d7883508ddfc1d4712fc310\n: exit status 1"
